<?xml version="1.0" ?>
<testsuites failures="1" name="TestXML" tests="1" time="0.011">
	<testsuite name="Basis Limiter S" failures="1"  tests="1" time="0">
		<testcase name=" rotation exceeded left" time="0">
			<failure message="EXPECTED: |Basis| ((-0, 0, 1), (0, 1, 0), (-1, 0, -0)) is equal to |Basis| ((0.999624, 0, -0.027412), (0, 1, 0), (0.027412, 0, 0.999624)) but GOT |Basis| ((-0, 0, 1), (0, 1, 0), (-1, 0, -0)) is not equal to |Basis| ((0.999624, 0, -0.027412), (0, 1, 0), (0.027412, 0, 0.999624))"></failure></testcase>
	</testsuite>

</testsuites>